android/capacitor-cordova-android-plugins/build/intermediates/manifest_merge_blame_file/debug/processDebugManifest/manifest-merger-blame-debug-report.txt
1<?xml version="1.0" encoding="utf-8"?>
2<manifest xmlns:amazon="http://schemas.amazon.com/apk/res/android"
3    xmlns:android="http://schemas.android.com/apk/res/android"
4    package="capacitor.cordova.android.plugins" >
5
6    <uses-sdk android:minSdkVersion="23" />
7
8    <uses-permission android:name="android.permission.BLUETOOTH" />
8-->src/main/AndroidManifest.xml:14:1-63
8-->src/main/AndroidManifest.xml:14:18-61
9    <uses-permission android:name="android.permission.BLUETOOTH_ADMIN" />
9-->src/main/AndroidManifest.xml:15:1-69
9-->src/main/AndroidManifest.xml:15:18-67
10    <uses-permission android:name="android.permission.ACCESS_COARSE_LOCATION" />
10-->src/main/AndroidManifest.xml:16:1-76
10-->src/main/AndroidManifest.xml:16:18-74
11    <uses-permission android:name="android.permission.WRITE_EXTERNAL_STORAGE" />
11-->src/main/AndroidManifest.xml:17:1-76
11-->src/main/AndroidManifest.xml:17:18-74
12
13    <application android:usesCleartextTraffic="true" >
13-->src/main/AndroidManifest.xml:4:1-13:15
13-->src/main/AndroidManifest.xml:4:15-50
14        <receiver
14-->src/main/AndroidManifest.xml:5:1-9:12
15            android:name="nl.xservices.plugins.ShareChooserPendingIntent"
15-->src/main/AndroidManifest.xml:5:11-72
16            android:enabled="true"
16-->src/main/AndroidManifest.xml:5:73-95
17            android:exported="true" >
17-->src/main/AndroidManifest.xml:5:96-119
18            <intent-filter>
18-->src/main/AndroidManifest.xml:6:3-8:19
19                <action android:name="android.intent.action.SEND" />
19-->src/main/AndroidManifest.xml:7:5-56
19-->src/main/AndroidManifest.xml:7:13-54
20            </intent-filter>
21        </receiver>
22
23        <provider
23-->src/main/AndroidManifest.xml:10:1-12:12
24            android:name="nl.xservices.plugins.FileProvider"
24-->src/main/AndroidManifest.xml:10:127-175
25            android:authorities="${applicationId}.sharing.provider"
25-->src/main/AndroidManifest.xml:10:11-66
26            android:exported="false"
26-->src/main/AndroidManifest.xml:10:67-91
27            android:grantUriPermissions="true" >
27-->src/main/AndroidManifest.xml:10:92-126
28            <meta-data
28-->src/main/AndroidManifest.xml:11:3-104
29                android:name="android.support.FILE_PROVIDER_PATHS"
29-->src/main/AndroidManifest.xml:11:14-64
30                android:resource="@xml/sharing_paths" />
30-->src/main/AndroidManifest.xml:11:65-102
31        </provider>
32    </application>
33
34</manifest>